#
# There is insufficient memory for the Java Runtime Environment to continue.
# Native memory allocation (mmap) failed to map 268435456 bytes for G1 virtual space
# Possible reasons:
#   The system is out of physical RAM or swap space
#   The process is running with CompressedOops enabled, and the Java Heap may be blocking the growth of the native heap
# Possible solutions:
#   Reduce memory load on the system
#   Increase physical memory or swap space
#   Check if swap backing store is full
#   Decrease Java heap size (-Xmx/-Xms)
#   Decrease number of Java threads
#   Decrease Java thread stack sizes (-Xss)
#   Set larger code cache with -XX:ReservedCodeCacheSize=
#   JVM is running with Zero Based Compressed Oops mode in which the Java heap is
#     placed in the first 32GB address space. The Java Heap base address is the
#     maximum limit for the native heap growth. Please use -XX:HeapBaseMinAddress
#     to set the Java Heap base and to place the Java Heap above 32GB virtual address.
# This output file may be truncated or incomplete.
#
#  Out of Memory Error (os_windows.cpp:3541), pid=28232, tid=6600
#
# JRE version:  (17.0.4.1+1) (build )
# Java VM: OpenJDK 64-Bit Server VM (17.0.4.1+1, mixed mode, sharing, tiered, compressed oops, compressed class ptrs, g1 gc, windows-amd64)
# No core dump will be written. Minidumps are not enabled by default on client versions of Windows
#

---------------  S U M M A R Y ------------

Command Line: -Dfile.encoding=UTF-8 -XX:+ShowCodeDetailsInExceptionMessages Game

Host: Intel(R) Core(TM) i7-4790K CPU @ 4.00GHz, 8 cores, 15G,  Windows 10 , 64 bit Build 19041 (10.0.19041.1889)
Time: Sun Oct 23 14:07:03 2022 Central Daylight Time elapsed time: 0.016743 seconds (0d 0h 0m 0s)

---------------  T H R E A D  ---------------

Current thread (0x0000021a1fb45d60):  JavaThread "Unknown thread" [_thread_in_vm, id=6600, stack(0x000000a1c7e00000,0x000000a1c7f00000)]

Stack: [0x000000a1c7e00000,0x000000a1c7f00000]
Native frames: (J=compiled Java code, j=interpreted, Vv=VM code, C=native code)
V  [jvm.dll+0x67731a]
V  [jvm.dll+0x832284]
V  [jvm.dll+0x833a2e]
V  [jvm.dll+0x834093]
V  [jvm.dll+0x245775]
V  [jvm.dll+0x674209]
V  [jvm.dll+0x668a92]
V  [jvm.dll+0x30471b]
V  [jvm.dll+0x30bc66]
V  [jvm.dll+0x35ba9e]
V  [jvm.dll+0x35bccf]
V  [jvm.dll+0x2db5b8]
V  [jvm.dll+0x2dc524]
V  [jvm.dll+0x803db1]
V  [jvm.dll+0x3698f1]
V  [jvm.dll+0x7e31bc]
V  [jvm.dll+0x3ec25f]
V  [jvm.dll+0x3edde1]
C  [jli.dll+0x5277]
C  [ucrtbase.dll+0x21bb2]
C  [KERNEL32.DLL+0x17034]
C  [ntdll.dll+0x526a1]


---------------  P R O C E S S  ---------------

Threads class SMR info:
_java_thread_list=0x00007fff0af74e98, length=0, elements={
}

Java Threads: ( => current thread )

Other Threads:
  0x0000021a1fbae850 GCTaskThread "GC Thread#0" [stack: 0x000000a1c7f00000,0x000000a1c8000000] [id=29284]
  0x0000021a1fbc32b0 ConcurrentGCThread "G1 Main Marker" [stack: 0x000000a1c8000000,0x000000a1c8100000] [id=29500]
  0x0000021a1fbc3cc0 ConcurrentGCThread "G1 Conc#0" [stack: 0x000000a1c8100000,0x000000a1c8200000] [id=28036]

[error occurred during error reporting (printing all threads), id 0xc0000005, EXCEPTION_ACCESS_VIOLATION (0xc0000005) at pc=0x00007fff0a74c047]

VM state: not at safepoint (not fully initialized)

VM Mutex/Monitor currently owned by a thread:  ([mutex/lock_event])
[0x0000021a1dafd660] Heap_lock - owner thread: 0x0000021a1fb45d60

Heap address: 0x0000000701800000, size: 4072 MB, Compressed Oops mode: Zero based, Oop shift amount: 3

CDS archive(s) mapped at: [0x0000000000000000-0x0000000000000000-0x0000000000000000), size 0, SharedBaseAddress: 0x0000000800000000, ArchiveRelocationMode: 0.
Narrow klass base: 0x0000000000000000, Narrow klass shift: 0, Narrow klass range: 0x0

GC Precious Log:
<Empty>

Heap:
 garbage-first heap   total 0K, used 0K [0x0000000701800000, 0x0000000800000000)
  region size 2048K, 0 young (0K), 0 survivors (0K)

[error occurred during error reporting (printing heap information), id 0xc0000005, EXCEPTION_ACCESS_VIOLATION (0xc0000005) at pc=0x00007fff0ab30699]

GC Heap History (0 events):
No events

Deoptimization events (0 events):
No events

Classes unloaded (0 events):
No events

Classes redefined (0 events):
No events

Internal exceptions (0 events):
No events

VM Operations (0 events):
No events

Events (1 events):
Event: 0.008 Loaded shared library C:\Users\srs68\.p2\pool\plugins\org.eclipse.justj.openjdk.hotspot.jre.full.win32.x86_64_17.0.4.v20220903-1038\jre\bin\java.dll


Dynamic libraries:
0x00007ff7d05b0000 - 0x00007ff7d05be000 	C:\Users\srs68\.p2\pool\plugins\org.eclipse.justj.openjdk.hotspot.jre.full.win32.x86_64_17.0.4.v20220903-1038\jre\bin\javaw.exe
0x00007fff6c8d0000 - 0x00007fff6cac8000 	C:\WINDOWS\SYSTEM32\ntdll.dll
0x00007fff62f30000 - 0x00007fff62f47000 	C:\Program Files\AVG\Antivirus\aswhook.dll
0x00007fff6b480000 - 0x00007fff6b53d000 	C:\WINDOWS\System32\KERNEL32.DLL
0x00007fff6a650000 - 0x00007fff6a922000 	C:\WINDOWS\System32\KERNELBASE.dll
0x00007fff69fe0000 - 0x00007fff6a0e0000 	C:\WINDOWS\System32\ucrtbase.dll
0x00007fff61c40000 - 0x00007fff61c58000 	C:\Users\srs68\.p2\pool\plugins\org.eclipse.justj.openjdk.hotspot.jre.full.win32.x86_64_17.0.4.v20220903-1038\jre\bin\jli.dll
0x00007fff62400000 - 0x00007fff62419000 	C:\Users\srs68\.p2\pool\plugins\org.eclipse.justj.openjdk.hotspot.jre.full.win32.x86_64_17.0.4.v20220903-1038\jre\bin\VCRUNTIME140.dll
0x00007fff6b640000 - 0x00007fff6b7dd000 	C:\WINDOWS\System32\USER32.dll
0x00007fff6a170000 - 0x00007fff6a192000 	C:\WINDOWS\System32\win32u.dll
0x00007fff6b380000 - 0x00007fff6b3ab000 	C:\WINDOWS\System32\GDI32.dll
0x00007fff517c0000 - 0x00007fff51a5a000 	C:\WINDOWS\WinSxS\amd64_microsoft.windows.common-controls_6595b64144ccf1df_6.0.19041.1110_none_60b5254171f9507e\COMCTL32.dll
0x00007fff6a250000 - 0x00007fff6a35f000 	C:\WINDOWS\System32\gdi32full.dll
0x00007fff6aa30000 - 0x00007fff6aace000 	C:\WINDOWS\System32\msvcrt.dll
0x00007fff6a360000 - 0x00007fff6a3fd000 	C:\WINDOWS\System32\msvcp_win.dll
0x00007fff6b610000 - 0x00007fff6b640000 	C:\WINDOWS\System32\IMM32.DLL
0x00007fff65670000 - 0x00007fff6567c000 	C:\Users\srs68\.p2\pool\plugins\org.eclipse.justj.openjdk.hotspot.jre.full.win32.x86_64_17.0.4.v20220903-1038\jre\bin\vcruntime140_1.dll
0x00007fff59530000 - 0x00007fff595c1000 	C:\Users\srs68\.p2\pool\plugins\org.eclipse.justj.openjdk.hotspot.jre.full.win32.x86_64_17.0.4.v20220903-1038\jre\bin\msvcp140.dll
0x00007fff0a460000 - 0x00007fff0b0a6000 	C:\Users\srs68\.p2\pool\plugins\org.eclipse.justj.openjdk.hotspot.jre.full.win32.x86_64_17.0.4.v20220903-1038\jre\bin\server\jvm.dll
0x00007fff6b2c0000 - 0x00007fff6b36e000 	C:\WINDOWS\System32\ADVAPI32.dll
0x00007fff6a930000 - 0x00007fff6a9cc000 	C:\WINDOWS\System32\sechost.dll
0x00007fff6af50000 - 0x00007fff6b075000 	C:\WINDOWS\System32\RPCRT4.dll
0x00007fff6b080000 - 0x00007fff6b088000 	C:\WINDOWS\System32\PSAPI.DLL
0x00007fff5e1c0000 - 0x00007fff5e1c9000 	C:\WINDOWS\SYSTEM32\WSOCK32.dll
0x00007fff55470000 - 0x00007fff55497000 	C:\WINDOWS\SYSTEM32\WINMM.dll
0x00007fff6b5a0000 - 0x00007fff6b60b000 	C:\WINDOWS\System32\WS2_32.dll
0x00007fff65920000 - 0x00007fff6592a000 	C:\WINDOWS\SYSTEM32\VERSION.dll
0x00007fff67e60000 - 0x00007fff67e72000 	C:\WINDOWS\SYSTEM32\kernel.appcore.dll
0x00007fff64b00000 - 0x00007fff64b0a000 	C:\Users\srs68\.p2\pool\plugins\org.eclipse.justj.openjdk.hotspot.jre.full.win32.x86_64_17.0.4.v20220903-1038\jre\bin\jimage.dll
0x00007fff63270000 - 0x00007fff63454000 	C:\WINDOWS\SYSTEM32\DBGHELP.DLL
0x00007fff631e0000 - 0x00007fff6320c000 	C:\WINDOWS\SYSTEM32\dbgcore.DLL
0x00007fff6a0e0000 - 0x00007fff6a162000 	C:\WINDOWS\System32\bcryptPrimitives.dll
0x00007fff624d0000 - 0x00007fff624f5000 	C:\Users\srs68\.p2\pool\plugins\org.eclipse.justj.openjdk.hotspot.jre.full.win32.x86_64_17.0.4.v20220903-1038\jre\bin\java.dll

dbghelp: loaded successfully - version: 4.0.5 - missing functions: none
symbol engine: initialized successfully - sym options: 0x614 - pdb path: .;C:\Users\srs68\.p2\pool\plugins\org.eclipse.justj.openjdk.hotspot.jre.full.win32.x86_64_17.0.4.v20220903-1038\jre\bin;C:\WINDOWS\SYSTEM32;C:\Program Files\AVG\Antivirus;C:\WINDOWS\WinSxS\amd64_microsoft.windows.common-controls_6595b64144ccf1df_6.0.19041.1110_none_60b5254171f9507e;C:\Users\srs68\.p2\pool\plugins\org.eclipse.justj.openjdk.hotspot.jre.full.win32.x86_64_17.0.4.v20220903-1038\jre\bin\server

VM Arguments:
jvm_args: -Dfile.encoding=UTF-8 -XX:+ShowCodeDetailsInExceptionMessages 
java_command: Game
java_class_path (initial): C:\Users\srs68\eclipse-workspace\TicTacToe\bin;C:\Users\srs68\.p2\pool\plugins\junit-jupiter-api_5.9.0.jar;C:\Users\srs68\.p2\pool\plugins\junit-jupiter-engine_5.9.0.jar;C:\Users\srs68\.p2\pool\plugins\junit-jupiter-migrationsupport_5.9.0.jar;C:\Users\srs68\.p2\pool\plugins\junit-jupiter-params_5.9.0.jar;C:\Users\srs68\.p2\pool\plugins\junit-platform-commons_1.9.0.jar;C:\Users\srs68\.p2\pool\plugins\junit-platform-engine_1.9.0.jar;C:\Users\srs68\.p2\pool\plugins\junit-platform-launcher_1.9.0.jar;C:\Users\srs68\.p2\pool\plugins\junit-platform-runner_1.9.0.jar;C:\Users\srs68\.p2\pool\plugins\junit-platform-suite-api_1.9.0.jar;C:\Users\srs68\.p2\pool\plugins\junit-platform-suite-engine_1.9.0.jar;C:\Users\srs68\.p2\pool\plugins\junit-platform-suite-commons_1.9.0.jar;C:\Users\srs68\.p2\pool\plugins\junit-vintage-engine_5.9.0.jar;C:\Users\srs68\.p2\pool\plugins\org.opentest4j_1.2.0.jar;C:\Users\srs68\.p2\pool\plugins\org.apiguardian.api_1.1.2.jar;C:\Users\srs68\.p2\pool\plugins\org.junit_4.13.2.v20211018-1956.jar;C:\Users\srs68\.p2\pool\plugins\org.hamcrest.core_1.3.0.v20180420-1519.jar
Launcher Type: SUN_STANDARD

[Global flags]
     intx CICompilerCount                          = 4                                         {product} {ergonomic}
     uint ConcGCThreads                            = 2                                         {product} {ergonomic}
     uint G1ConcRefinementThreads                  = 8                                         {product} {ergonomic}
   size_t G1HeapRegionSize                         = 2097152                                   {product} {ergonomic}
    uintx GCDrainStackTargetSize                   = 64                                        {product} {ergonomic}
   size_t InitialHeapSize                          = 268435456                                 {product} {ergonomic}
   size_t MarkStackSize                            = 4194304                                   {product} {ergonomic}
   size_t MaxHeapSize                              = 4269801472                                {product} {ergonomic}
   size_t MinHeapDeltaBytes                        = 2097152                                   {product} {ergonomic}
   size_t MinHeapSize                              = 8388608                                   {product} {ergonomic}
    uintx NonNMethodCodeHeapSize                   = 5839372                                {pd product} {ergonomic}
    uintx NonProfiledCodeHeapSize                  = 122909434                              {pd product} {ergonomic}
    uintx ProfiledCodeHeapSize                     = 122909434                              {pd product} {ergonomic}
    uintx ReservedCodeCacheSize                    = 251658240                              {pd product} {ergonomic}
     bool SegmentedCodeCache                       = true                                      {product} {ergonomic}
     bool ShowCodeDetailsInExceptionMessages       = true                                   {manageable} {command line}
   size_t SoftMaxHeapSize                          = 4269801472                             {manageable} {ergonomic}
     bool UseCompressedClassPointers               = true                           {product lp64_product} {ergonomic}
     bool UseCompressedOops                        = true                           {product lp64_product} {ergonomic}
     bool UseG1GC                                  = true                                      {product} {ergonomic}
     bool UseLargePagesIndividualAllocation        = false                                  {pd product} {ergonomic}

Logging:
Log output configuration:
 #0: stdout all=warning uptime,level,tags
 #1: stderr all=off uptime,level,tags

Environment Variables:
PATH=C:/Users/srs68/.p2/pool/plugins/org.eclipse.justj.openjdk.hotspot.jre.full.win32.x86_64_17.0.4.v20220903-1038/jre/bin/server;C:/Users/srs68/.p2/pool/plugins/org.eclipse.justj.openjdk.hotspot.jre.full.win32.x86_64_17.0.4.v20220903-1038/jre/bin;C:\Program Files (x86)\Common Files\Oracle\Java\javapath;C:\Python310\Scripts\;C:\Python310\;C:\WINDOWS\system32;C:\WINDOWS;C:\WINDOWS\System32\Wbem;C:\WINDOWS\System32\WindowsPowerShell\v1.0\;C:\WINDOWS\System32\OpenSSH\;C:\Program Files\NVIDIA Corporation\NVIDIA NvDLISR;C:\Program Files\Microsoft SQL Server\Client SDK\ODBC\170\Tools\Binn\;C:\Program Files\dotnet\;C:\Program Files (x86)\NVIDIA Corporation\PhysX\Common;F:\Programs\Node.js\;C:\ProgramData\chocolatey\bin;C:\Program Files\Microsoft SQL Server\130\Tools\Binn\;F:\Git\cmd;C:\Users\srs68\AppData\Local\Microsoft\WindowsApps;C:\Users\srs68\.dotnet\tools;C:\Users\srs68\AppData\Local\Programs\Microsoft VS Code\bin;C:\Program Files\CodeBlocks\MinGW\bin;C:\Users\srs68\AppData\Roaming\npm;C:\Users\srs68\AppData\Local\GitHubDesktop\bin;C:\Users\srs68\Desktop;
USERNAME=srs68
OS=Windows_NT
PROCESSOR_IDENTIFIER=Intel64 Family 6 Model 60 Stepping 3, GenuineIntel
TMP=C:\Users\srs68\AppData\Local\Temp
TEMP=C:\Users\srs68\AppData\Local\Temp



---------------  S Y S T E M  ---------------

OS:
 Windows 10 , 64 bit Build 19041 (10.0.19041.1889)
OS uptime: 10 days 2:09 hours
Hyper-V role detected

CPU: total 8 (initial active 8) (4 cores per cpu, 2 threads per core) family 6 model 60 stepping 3 microcode 0x27, cx8, cmov, fxsr, ht, mmx, sse, sse2, sse3, ssse3, sse4.1, sse4.2, popcnt, lzcnt, tsc, tscinvbit, avx, avx2, aes, erms, clmul, bmi1, bmi2, fma, vzeroupper, clflush, hv

Memory: 4k page, system-wide physical 16286M (6834M free)
TotalPageFile size 44704M (AvailPageFile size 137M)
current process WorkingSet (physical memory assigned to process): 10M, peak: 11M
current process commit charge ("private bytes"): 60M, peak: 316M

vm_info: OpenJDK 64-Bit Server VM (17.0.4.1+1) for windows-amd64 JRE (17.0.4.1+1), built on Aug 17 2022 07:42:43 by "temurin" with MS VC++ 16.7 (VS2019)

END.
